<?xml version="1.0" encoding="UTF-8"?>
<!-- Generated by org.testng.reporters.JUnitXMLReporter -->
<testsuite ignored="0" hostname="LAPTOP-INQHA09L" failures="0" tests="6" name="Default test" time="0.579" errors="0" timestamp="2022-04-27T18:35:04 IST">
  <testcase classname="DataProviderInTestng.DataProviderWithExcelTest" name="test1" time="0.005"/>
  <testcase classname="DataProviderInTestng.DataProviderWithExcelTest" name="test1" time="0.001"/>
  <testcase classname="DataProviderInTestng.DataProviderWithExcelTest" name="test1" time="0.001"/>
  <testcase classname="DataProviderInTestng.DataProviderWithExcelTest" name="test2" time="0.002"/>
  <testcase classname="DataProviderInTestng.DataProviderWithExcelTest" name="test2" time="0.001"/>
  <testcase classname="DataProviderInTestng.DataProviderWithExcelTest" name="test2" time="0.001"/>
</testsuite> <!-- Default test -->
