<?xml version="1.0" encoding="UTF-8"?>
<testng-results ignored="0" total="6" passed="6" failed="0" skipped="0">
  <reporter-output>
  </reporter-output>
  <suite started-at="2022-04-27T18:35:03 IST" name="Default suite" finished-at="2022-04-27T18:35:04 IST" duration-ms="579">
    <groups>
    </groups>
    <test started-at="2022-04-27T18:35:03 IST" name="Default test" finished-at="2022-04-27T18:35:04 IST" duration-ms="579">
      <class name="DataProviderInTestng.DataProviderWithExcelTest">
        <test-method signature="test1(java.lang.String,java.lang.String,java.lang.String,java.lang.String)[pri:0, instance:DataProviderInTestng.DataProviderWithExcelTest@43195e57]" started-at="2022-04-27T18:35:04 IST" name="test1" data-provider="getData" finished-at="2022-04-27T18:35:04 IST" duration-ms="5" status="PASS">
          <params>
            <param index="0">
              <value>
                <![CDATA[abcd]]>
              </value>
            </param>
            <param index="1">
              <value>
                <![CDATA[123]]>
              </value>
            </param>
            <param index="2">
              <value>
                <![CDATA[jayesh]]>
              </value>
            </param>
            <param index="3">
              <value>
                <![CDATA[gangurde]]>
              </value>
            </param>
          </params>
          <reporter-output>
          </reporter-output>
        </test-method> <!-- test1 -->
        <test-method signature="test1(java.lang.String,java.lang.String,java.lang.String,java.lang.String)[pri:0, instance:DataProviderInTestng.DataProviderWithExcelTest@43195e57]" started-at="2022-04-27T18:35:04 IST" name="test1" data-provider="getData" finished-at="2022-04-27T18:35:04 IST" duration-ms="1" status="PASS">
          <params>
            <param index="0">
              <value>
                <![CDATA[efgh]]>
              </value>
            </param>
            <param index="1">
              <value>
                <![CDATA[456]]>
              </value>
            </param>
            <param index="2">
              <value>
                <![CDATA[sachin]]>
              </value>
            </param>
            <param index="3">
              <value>
                <![CDATA[potfode]]>
              </value>
            </param>
          </params>
          <reporter-output>
          </reporter-output>
        </test-method> <!-- test1 -->
        <test-method signature="test1(java.lang.String,java.lang.String,java.lang.String,java.lang.String)[pri:0, instance:DataProviderInTestng.DataProviderWithExcelTest@43195e57]" started-at="2022-04-27T18:35:04 IST" name="test1" data-provider="getData" finished-at="2022-04-27T18:35:04 IST" duration-ms="1" status="PASS">
          <params>
            <param index="0">
              <value>
                <![CDATA[ijkl]]>
              </value>
            </param>
            <param index="1">
              <value>
                <![CDATA[789]]>
              </value>
            </param>
            <param index="2">
              <value>
                <![CDATA[shubham]]>
              </value>
            </param>
            <param index="3">
              <value>
                <![CDATA[shewale]]>
              </value>
            </param>
          </params>
          <reporter-output>
          </reporter-output>
        </test-method> <!-- test1 -->
        <test-method signature="test2(java.util.Map)[pri:0, instance:DataProviderInTestng.DataProviderWithExcelTest@43195e57]" started-at="2022-04-27T18:35:04 IST" name="test2" data-provider="getData1" finished-at="2022-04-27T18:35:04 IST" duration-ms="2" status="PASS">
          <params>
            <param index="0">
              <value>
                <![CDATA[{fname=jayesh, password=123, lname=gangurde, username=abcd}]]>
              </value>
            </param>
          </params>
          <reporter-output>
          </reporter-output>
        </test-method> <!-- test2 -->
        <test-method signature="test2(java.util.Map)[pri:0, instance:DataProviderInTestng.DataProviderWithExcelTest@43195e57]" started-at="2022-04-27T18:35:04 IST" name="test2" data-provider="getData1" finished-at="2022-04-27T18:35:04 IST" duration-ms="1" status="PASS">
          <params>
            <param index="0">
              <value>
                <![CDATA[{fname=sachin, password=456, lname=potfode, username=efgh}]]>
              </value>
            </param>
          </params>
          <reporter-output>
          </reporter-output>
        </test-method> <!-- test2 -->
        <test-method signature="test2(java.util.Map)[pri:0, instance:DataProviderInTestng.DataProviderWithExcelTest@43195e57]" started-at="2022-04-27T18:35:04 IST" name="test2" data-provider="getData1" finished-at="2022-04-27T18:35:04 IST" duration-ms="1" status="PASS">
          <params>
            <param index="0">
              <value>
                <![CDATA[{fname=shubham, password=789, lname=shewale, username=ijkl}]]>
              </value>
            </param>
          </params>
          <reporter-output>
          </reporter-output>
        </test-method> <!-- test2 -->
      </class> <!-- DataProviderInTestng.DataProviderWithExcelTest -->
    </test> <!-- Default test -->
  </suite> <!-- Default suite -->
</testng-results>
